2023-04-13T01:09:56.380+05:30  WARN 22216 --- [http-nio-9008-exec-2] o.s.web.servlet.PageNotFound             : No mapping for POST /email-notification
2023-04-13T01:40:12.306+05:30  INFO 22216 --- [RMI TCP Connection(192)-127.0.0.1] inMXBeanRegistrar$SpringApplicationAdmin : Application shutdown requested.
2023-04-13T01:40:12.526+05:30  INFO 22216 --- [RMI TCP Connection(192)-127.0.0.1] o.apache.catalina.core.StandardService   : Stopping service [Tomcat]
2023-04-13T01:40:12.536+05:30  INFO 22216 --- [RMI TCP Connection(192)-127.0.0.1] o.a.c.c.C.[Tomcat].[localhost].[/]       : Destroying Spring FrameworkServlet 'dispatcherServlet'
2023-04-13T01:40:12.577+05:30  WARN 22216 --- [RMI TCP Connection(192)-127.0.0.1] o.a.c.loader.WebappClassLoaderBase       : The web application [ROOT] appears to have started a thread named [boundedElastic-evictor-1] but has failed to stop it. This is very likely to create a memory leak. Stack trace of thread:
 java.base@17.0.6/jdk.internal.misc.Unsafe.park(Native Method)
 java.base@17.0.6/java.util.concurrent.locks.LockSupport.parkNanos(LockSupport.java:252)
 java.base@17.0.6/java.util.concurrent.locks.AbstractQueuedSynchronizer$ConditionObject.awaitNanos(AbstractQueuedSynchronizer.java:1672)
 java.base@17.0.6/java.util.concurrent.ScheduledThreadPoolExecutor$DelayedWorkQueue.take(ScheduledThreadPoolExecutor.java:1182)
 java.base@17.0.6/java.util.concurrent.ScheduledThreadPoolExecutor$DelayedWorkQueue.take(ScheduledThreadPoolExecutor.java:899)
 java.base@17.0.6/java.util.concurrent.ThreadPoolExecutor.getTask(ThreadPoolExecutor.java:1062)
 java.base@17.0.6/java.util.concurrent.ThreadPoolExecutor.runWorker(ThreadPoolExecutor.java:1122)
 java.base@17.0.6/java.util.concurrent.ThreadPoolExecutor$Worker.run(ThreadPoolExecutor.java:635)
 java.base@17.0.6/java.lang.Thread.run(Thread.java:833)
2023-04-13T01:40:12.609+05:30  INFO 22216 --- [RMI TCP Connection(192)-127.0.0.1] o.s.c.c.s.ConsulServiceRegistry          : Deregistering service with consul: g2-notification-service-9008
2023-04-13T01:40:18.898+05:30  INFO 20140 --- [restartedMain] c.pms.G2NotificationServiceApplication   : Starting G2NotificationServiceApplication using Java 17.0.6 with PID 20140 (C:\updated services\g2-notification-service\target\classes started by Noorullah Ansari in C:\updated services\g2-notification-service)
2023-04-13T01:40:18.902+05:30  INFO 20140 --- [restartedMain] c.pms.G2NotificationServiceApplication   : No active profile set, falling back to 1 default profile: "default"
2023-04-13T01:40:18.992+05:30  INFO 20140 --- [restartedMain] .e.DevToolsPropertyDefaultsPostProcessor : For additional web related logging consider setting the 'logging.level.web' property to 'DEBUG'
2023-04-13T01:40:21.211+05:30  INFO 20140 --- [restartedMain] o.s.cloud.context.scope.GenericScope     : BeanFactory id=e2ce878c-ef3a-3096-8032-63954c885b8d
2023-04-13T01:40:21.317+05:30  INFO 20140 --- [restartedMain] trationDelegate$BeanPostProcessorChecker : Bean 'org.springframework.ws.config.annotation.DelegatingWsConfiguration' of type [org.springframework.ws.config.annotation.DelegatingWsConfiguration$$SpringCGLIB$$0] is not eligible for getting processed by all BeanPostProcessors (for example: not eligible for auto-proxying)
2023-04-13T01:40:21.370+05:30  INFO 20140 --- [restartedMain] .w.s.a.s.AnnotationActionEndpointMapping : Supporting [WS-Addressing August 2004, WS-Addressing 1.0]
2023-04-13T01:40:21.645+05:30  INFO 20140 --- [restartedMain] trationDelegate$BeanPostProcessorChecker : Bean 'org.springframework.cloud.client.loadbalancer.reactive.LoadBalancerBeanPostProcessorAutoConfiguration' of type [org.springframework.cloud.client.loadbalancer.reactive.LoadBalancerBeanPostProcessorAutoConfiguration] is not eligible for getting processed by all BeanPostProcessors (for example: not eligible for auto-proxying)
2023-04-13T01:40:21.649+05:30  INFO 20140 --- [restartedMain] trationDelegate$BeanPostProcessorChecker : Bean 'org.springframework.cloud.client.loadbalancer.reactive.LoadBalancerBeanPostProcessorAutoConfiguration$ReactorDeferringLoadBalancerFilterConfig' of type [org.springframework.cloud.client.loadbalancer.reactive.LoadBalancerBeanPostProcessorAutoConfiguration$ReactorDeferringLoadBalancerFilterConfig] is not eligible for getting processed by all BeanPostProcessors (for example: not eligible for auto-proxying)
2023-04-13T01:40:21.654+05:30  INFO 20140 --- [restartedMain] trationDelegate$BeanPostProcessorChecker : Bean 'reactorDeferringLoadBalancerExchangeFilterFunction' of type [org.springframework.cloud.client.loadbalancer.reactive.DeferringLoadBalancerExchangeFilterFunction] is not eligible for getting processed by all BeanPostProcessors (for example: not eligible for auto-proxying)
2023-04-13T01:40:22.003+05:30  INFO 20140 --- [restartedMain] o.s.b.w.embedded.tomcat.TomcatWebServer  : Tomcat initialized with port(s): 9008 (http)
2023-04-13T01:40:22.012+05:30  INFO 20140 --- [restartedMain] o.apache.catalina.core.StandardService   : Starting service [Tomcat]
2023-04-13T01:40:22.013+05:30  INFO 20140 --- [restartedMain] o.apache.catalina.core.StandardEngine    : Starting Servlet engine: [Apache Tomcat/10.1.7]
2023-04-13T01:40:22.132+05:30  INFO 20140 --- [restartedMain] o.a.c.c.C.[Tomcat].[localhost].[/]       : Initializing Spring embedded WebApplicationContext
2023-04-13T01:40:22.132+05:30  INFO 20140 --- [restartedMain] w.s.c.ServletWebServerApplicationContext : Root WebApplicationContext: initialization completed in 3139 ms
2023-04-13T01:40:26.112+05:30  WARN 20140 --- [restartedMain] o.s.b.d.a.OptionalLiveReloadServer       : Unable to start LiveReload server
2023-04-13T01:40:26.458+05:30  WARN 20140 --- [restartedMain] iguration$LoadBalancerCaffeineWarnLogger : Spring Cloud LoadBalancer is currently working with the default cache. While this cache implementation is useful for development and tests, it's recommended to use Caffeine cache in production.You can switch to using Caffeine cache, by adding it and org.springframework.cache.caffeine.CaffeineCacheManager to the classpath.
2023-04-13T01:40:26.473+05:30  INFO 20140 --- [restartedMain] o.s.b.a.e.web.EndpointLinksResolver      : Exposing 1 endpoint(s) beneath base path '/actuator'
2023-04-13T01:40:26.604+05:30  INFO 20140 --- [restartedMain] o.s.b.w.embedded.tomcat.TomcatWebServer  : Tomcat started on port(s): 9008 (http) with context path ''
2023-04-13T01:40:26.609+05:30  INFO 20140 --- [restartedMain] o.s.c.c.s.ConsulServiceRegistry          : Registering service with consul: NewService{id='g2-notification-service-9008', name='g2-notification-service', tags=[], address='host.docker.internal', meta={secure=false}, port=9008, enableTagOverride=null, check=Check{script='null', dockerContainerID='null', shell='null', interval='12s', ttl='null', http='http://host.docker.internal:9008/actuator/health', method='null', header={}, tcp='null', timeout='null', deregisterCriticalServiceAfter='null', tlsSkipVerify=null, status='null', grpc='null', grpcUseTLS=null}, checks=null}
2023-04-13T01:40:26.979+05:30  INFO 20140 --- [restartedMain] c.pms.G2NotificationServiceApplication   : Started G2NotificationServiceApplication in 8.961 seconds (process running for 10.101)
2023-04-13T01:40:27.160+05:30  INFO 20140 --- [http-nio-9008-exec-1] o.a.c.c.C.[Tomcat].[localhost].[/]       : Initializing Spring DispatcherServlet 'dispatcherServlet'
2023-04-13T01:40:27.160+05:30  INFO 20140 --- [http-nio-9008-exec-1] o.s.web.servlet.DispatcherServlet        : Initializing Servlet 'dispatcherServlet'
2023-04-13T01:40:27.165+05:30  INFO 20140 --- [http-nio-9008-exec-1] o.s.web.servlet.DispatcherServlet        : Completed initialization in 5 ms
2023-04-13T02:09:13.666+05:30  INFO 20140 --- [RMI TCP Connection(42)-127.0.0.1] inMXBeanRegistrar$SpringApplicationAdmin : Application shutdown requested.
2023-04-13T02:09:13.888+05:30  INFO 20140 --- [RMI TCP Connection(42)-127.0.0.1] o.apache.catalina.core.StandardService   : Stopping service [Tomcat]
2023-04-13T02:09:13.898+05:30  INFO 20140 --- [RMI TCP Connection(42)-127.0.0.1] o.a.c.c.C.[Tomcat].[localhost].[/]       : Destroying Spring FrameworkServlet 'dispatcherServlet'
2023-04-13T02:09:13.979+05:30  WARN 20140 --- [RMI TCP Connection(42)-127.0.0.1] o.a.c.loader.WebappClassLoaderBase       : The web application [ROOT] appears to have started a thread named [boundedElastic-evictor-1] but has failed to stop it. This is very likely to create a memory leak. Stack trace of thread:
 java.base@17.0.6/jdk.internal.misc.Unsafe.park(Native Method)
 java.base@17.0.6/java.util.concurrent.locks.LockSupport.parkNanos(LockSupport.java:252)
 java.base@17.0.6/java.util.concurrent.locks.AbstractQueuedSynchronizer$ConditionObject.awaitNanos(AbstractQueuedSynchronizer.java:1672)
 java.base@17.0.6/java.util.concurrent.ScheduledThreadPoolExecutor$DelayedWorkQueue.take(ScheduledThreadPoolExecutor.java:1182)
 java.base@17.0.6/java.util.concurrent.ScheduledThreadPoolExecutor$DelayedWorkQueue.take(ScheduledThreadPoolExecutor.java:899)
 java.base@17.0.6/java.util.concurrent.ThreadPoolExecutor.getTask(ThreadPoolExecutor.java:1062)
 java.base@17.0.6/java.util.concurrent.ThreadPoolExecutor.runWorker(ThreadPoolExecutor.java:1122)
 java.base@17.0.6/java.util.concurrent.ThreadPoolExecutor$Worker.run(ThreadPoolExecutor.java:635)
 java.base@17.0.6/java.lang.Thread.run(Thread.java:833)
2023-04-13T02:09:13.999+05:30  INFO 20140 --- [RMI TCP Connection(42)-127.0.0.1] o.s.c.c.s.ConsulServiceRegistry          : Deregistering service with consul: g2-notification-service-9008
2023-04-13T02:09:17.272+05:30  INFO 17260 --- [restartedMain] c.pms.G2NotificationServiceApplication   : Starting G2NotificationServiceApplication using Java 17.0.6 with PID 17260 (C:\updated services\g2-notification-service\target\classes started by Noorullah Ansari in C:\updated services\g2-notification-service)
2023-04-13T02:09:17.276+05:30  INFO 17260 --- [restartedMain] c.pms.G2NotificationServiceApplication   : No active profile set, falling back to 1 default profile: "default"
2023-04-13T02:09:17.333+05:30  INFO 17260 --- [restartedMain] .e.DevToolsPropertyDefaultsPostProcessor : For additional web related logging consider setting the 'logging.level.web' property to 'DEBUG'
2023-04-13T02:09:19.065+05:30  INFO 17260 --- [restartedMain] o.s.cloud.context.scope.GenericScope     : BeanFactory id=e2ce878c-ef3a-3096-8032-63954c885b8d
2023-04-13T02:09:19.145+05:30  INFO 17260 --- [restartedMain] trationDelegate$BeanPostProcessorChecker : Bean 'org.springframework.ws.config.annotation.DelegatingWsConfiguration' of type [org.springframework.ws.config.annotation.DelegatingWsConfiguration$$SpringCGLIB$$0] is not eligible for getting processed by all BeanPostProcessors (for example: not eligible for auto-proxying)
2023-04-13T02:09:19.190+05:30  INFO 17260 --- [restartedMain] .w.s.a.s.AnnotationActionEndpointMapping : Supporting [WS-Addressing August 2004, WS-Addressing 1.0]
2023-04-13T02:09:19.400+05:30  INFO 17260 --- [restartedMain] trationDelegate$BeanPostProcessorChecker : Bean 'org.springframework.cloud.client.loadbalancer.reactive.LoadBalancerBeanPostProcessorAutoConfiguration' of type [org.springframework.cloud.client.loadbalancer.reactive.LoadBalancerBeanPostProcessorAutoConfiguration] is not eligible for getting processed by all BeanPostProcessors (for example: not eligible for auto-proxying)
2023-04-13T02:09:19.403+05:30  INFO 17260 --- [restartedMain] trationDelegate$BeanPostProcessorChecker : Bean 'org.springframework.cloud.client.loadbalancer.reactive.LoadBalancerBeanPostProcessorAutoConfiguration$ReactorDeferringLoadBalancerFilterConfig' of type [org.springframework.cloud.client.loadbalancer.reactive.LoadBalancerBeanPostProcessorAutoConfiguration$ReactorDeferringLoadBalancerFilterConfig] is not eligible for getting processed by all BeanPostProcessors (for example: not eligible for auto-proxying)
2023-04-13T02:09:19.407+05:30  INFO 17260 --- [restartedMain] trationDelegate$BeanPostProcessorChecker : Bean 'reactorDeferringLoadBalancerExchangeFilterFunction' of type [org.springframework.cloud.client.loadbalancer.reactive.DeferringLoadBalancerExchangeFilterFunction] is not eligible for getting processed by all BeanPostProcessors (for example: not eligible for auto-proxying)
2023-04-13T02:09:19.743+05:30  INFO 17260 --- [restartedMain] o.s.b.w.embedded.tomcat.TomcatWebServer  : Tomcat initialized with port(s): 9008 (http)
2023-04-13T02:09:19.753+05:30  INFO 17260 --- [restartedMain] o.apache.catalina.core.StandardService   : Starting service [Tomcat]
2023-04-13T02:09:19.753+05:30  INFO 17260 --- [restartedMain] o.apache.catalina.core.StandardEngine    : Starting Servlet engine: [Apache Tomcat/10.1.7]
2023-04-13T02:09:19.870+05:30  INFO 17260 --- [restartedMain] o.a.c.c.C.[Tomcat].[localhost].[/]       : Initializing Spring embedded WebApplicationContext
2023-04-13T02:09:19.871+05:30  INFO 17260 --- [restartedMain] w.s.c.ServletWebServerApplicationContext : Root WebApplicationContext: initialization completed in 2535 ms
2023-04-13T02:09:24.005+05:30  WARN 17260 --- [restartedMain] o.s.b.d.a.OptionalLiveReloadServer       : Unable to start LiveReload server
2023-04-13T02:09:24.385+05:30  WARN 17260 --- [restartedMain] iguration$LoadBalancerCaffeineWarnLogger : Spring Cloud LoadBalancer is currently working with the default cache. While this cache implementation is useful for development and tests, it's recommended to use Caffeine cache in production.You can switch to using Caffeine cache, by adding it and org.springframework.cache.caffeine.CaffeineCacheManager to the classpath.
2023-04-13T02:09:24.399+05:30  INFO 17260 --- [restartedMain] o.s.b.a.e.web.EndpointLinksResolver      : Exposing 1 endpoint(s) beneath base path '/actuator'
2023-04-13T02:09:24.538+05:30  INFO 17260 --- [restartedMain] o.s.b.w.embedded.tomcat.TomcatWebServer  : Tomcat started on port(s): 9008 (http) with context path ''
2023-04-13T02:09:24.544+05:30  INFO 17260 --- [restartedMain] o.s.c.c.s.ConsulServiceRegistry          : Registering service with consul: NewService{id='g2-notification-service-9008', name='g2-notification-service', tags=[], address='DESKTOP-HCJH991.mshome.net', meta={secure=false}, port=9008, enableTagOverride=null, check=Check{script='null', dockerContainerID='null', shell='null', interval='12s', ttl='null', http='http://DESKTOP-HCJH991.mshome.net:9008/actuator/health', method='null', header={}, tcp='null', timeout='null', deregisterCriticalServiceAfter='null', tlsSkipVerify=null, status='null', grpc='null', grpcUseTLS=null}, checks=null}
2023-04-13T02:09:24.976+05:30  INFO 17260 --- [restartedMain] c.pms.G2NotificationServiceApplication   : Started G2NotificationServiceApplication in 8.226 seconds (process running for 9.027)
2023-04-13T02:09:26.133+05:30  INFO 17260 --- [RMI TCP Connection(10)-127.0.0.1] o.a.c.c.C.[Tomcat].[localhost].[/]       : Initializing Spring DispatcherServlet 'dispatcherServlet'
2023-04-13T02:09:26.134+05:30  INFO 17260 --- [RMI TCP Connection(10)-127.0.0.1] o.s.web.servlet.DispatcherServlet        : Initializing Servlet 'dispatcherServlet'
2023-04-13T02:09:26.139+05:30  INFO 17260 --- [RMI TCP Connection(10)-127.0.0.1] o.s.web.servlet.DispatcherServlet        : Completed initialization in 4 ms
2023-04-13T02:13:40.356+05:30  INFO 17260 --- [RMI TCP Connection(16)-127.0.0.1] inMXBeanRegistrar$SpringApplicationAdmin : Application shutdown requested.
2023-04-13T02:13:40.490+05:30  INFO 17260 --- [RMI TCP Connection(16)-127.0.0.1] o.apache.catalina.core.StandardService   : Stopping service [Tomcat]
2023-04-13T02:13:40.500+05:30  INFO 17260 --- [RMI TCP Connection(16)-127.0.0.1] o.a.c.c.C.[Tomcat].[localhost].[/]       : Destroying Spring FrameworkServlet 'dispatcherServlet'
2023-04-13T02:13:40.535+05:30  WARN 17260 --- [RMI TCP Connection(16)-127.0.0.1] o.a.c.loader.WebappClassLoaderBase       : The web application [ROOT] appears to have started a thread named [boundedElastic-evictor-1] but has failed to stop it. This is very likely to create a memory leak. Stack trace of thread:
 java.base@17.0.6/jdk.internal.misc.Unsafe.park(Native Method)
 java.base@17.0.6/java.util.concurrent.locks.LockSupport.parkNanos(LockSupport.java:252)
 java.base@17.0.6/java.util.concurrent.locks.AbstractQueuedSynchronizer$ConditionObject.awaitNanos(AbstractQueuedSynchronizer.java:1672)
 java.base@17.0.6/java.util.concurrent.ScheduledThreadPoolExecutor$DelayedWorkQueue.take(ScheduledThreadPoolExecutor.java:1182)
 java.base@17.0.6/java.util.concurrent.ScheduledThreadPoolExecutor$DelayedWorkQueue.take(ScheduledThreadPoolExecutor.java:899)
 java.base@17.0.6/java.util.concurrent.ThreadPoolExecutor.getTask(ThreadPoolExecutor.java:1062)
 java.base@17.0.6/java.util.concurrent.ThreadPoolExecutor.runWorker(ThreadPoolExecutor.java:1122)
 java.base@17.0.6/java.util.concurrent.ThreadPoolExecutor$Worker.run(ThreadPoolExecutor.java:635)
 java.base@17.0.6/java.lang.Thread.run(Thread.java:833)
2023-04-13T02:13:40.536+05:30  WARN 17260 --- [RMI TCP Connection(16)-127.0.0.1] o.a.c.loader.WebappClassLoaderBase       : The web application [ROOT] appears to have started a thread named [boundedElastic-1] but has failed to stop it. This is very likely to create a memory leak. Stack trace of thread:
 java.base@17.0.6/jdk.internal.misc.Unsafe.park(Native Method)
 java.base@17.0.6/java.util.concurrent.locks.LockSupport.park(LockSupport.java:341)
 java.base@17.0.6/java.util.concurrent.locks.AbstractQueuedSynchronizer$ConditionNode.block(AbstractQueuedSynchronizer.java:506)
 java.base@17.0.6/java.util.concurrent.ForkJoinPool.unmanagedBlock(ForkJoinPool.java:3463)
 java.base@17.0.6/java.util.concurrent.ForkJoinPool.managedBlock(ForkJoinPool.java:3434)
 java.base@17.0.6/java.util.concurrent.locks.AbstractQueuedSynchronizer$ConditionObject.await(AbstractQueuedSynchronizer.java:1623)
 java.base@17.0.6/java.util.concurrent.ScheduledThreadPoolExecutor$DelayedWorkQueue.take(ScheduledThreadPoolExecutor.java:1170)
 java.base@17.0.6/java.util.concurrent.ScheduledThreadPoolExecutor$DelayedWorkQueue.take(ScheduledThreadPoolExecutor.java:899)
 java.base@17.0.6/java.util.concurrent.ThreadPoolExecutor.getTask(ThreadPoolExecutor.java:1062)
 java.base@17.0.6/java.util.concurrent.ThreadPoolExecutor.runWorker(ThreadPoolExecutor.java:1122)
 java.base@17.0.6/java.util.concurrent.ThreadPoolExecutor$Worker.run(ThreadPoolExecutor.java:635)
 java.base@17.0.6/java.lang.Thread.run(Thread.java:833)
2023-04-13T02:13:40.553+05:30  INFO 17260 --- [RMI TCP Connection(16)-127.0.0.1] o.s.c.c.s.ConsulServiceRegistry          : Deregistering service with consul: g2-notification-service-9008
2023-04-13T11:52:26.985+05:30  INFO 3456 --- [main] .p.G2NotificationServiceApplicationTests : Starting G2NotificationServiceApplicationTests using Java 17.0.6 with PID 3456 (started by Noorullah Ansari in C:\updated services\g2-notification-service)
2023-04-13T11:52:26.987+05:30  INFO 3456 --- [main] .p.G2NotificationServiceApplicationTests : No active profile set, falling back to 1 default profile: "default"
2023-04-13T11:52:29.766+05:30  INFO 3456 --- [main] o.s.cloud.context.scope.GenericScope     : BeanFactory id=db5d90ee-203c-3275-a9a1-5baa6eb574bf
2023-04-13T11:52:30.044+05:30  INFO 3456 --- [main] trationDelegate$BeanPostProcessorChecker : Bean 'org.springframework.ws.config.annotation.DelegatingWsConfiguration' of type [org.springframework.ws.config.annotation.DelegatingWsConfiguration$$SpringCGLIB$$0] is not eligible for getting processed by all BeanPostProcessors (for example: not eligible for auto-proxying)
2023-04-13T11:52:30.111+05:30  INFO 3456 --- [main] .w.s.a.s.AnnotationActionEndpointMapping : Supporting [WS-Addressing August 2004, WS-Addressing 1.0]
2023-04-13T11:52:30.451+05:30  INFO 3456 --- [main] trationDelegate$BeanPostProcessorChecker : Bean 'org.springframework.cloud.client.loadbalancer.reactive.LoadBalancerBeanPostProcessorAutoConfiguration' of type [org.springframework.cloud.client.loadbalancer.reactive.LoadBalancerBeanPostProcessorAutoConfiguration] is not eligible for getting processed by all BeanPostProcessors (for example: not eligible for auto-proxying)
2023-04-13T11:52:30.462+05:30  INFO 3456 --- [main] trationDelegate$BeanPostProcessorChecker : Bean 'org.springframework.cloud.client.loadbalancer.reactive.LoadBalancerBeanPostProcessorAutoConfiguration$ReactorDeferringLoadBalancerFilterConfig' of type [org.springframework.cloud.client.loadbalancer.reactive.LoadBalancerBeanPostProcessorAutoConfiguration$ReactorDeferringLoadBalancerFilterConfig] is not eligible for getting processed by all BeanPostProcessors (for example: not eligible for auto-proxying)
2023-04-13T11:52:30.473+05:30  INFO 3456 --- [main] trationDelegate$BeanPostProcessorChecker : Bean 'reactorDeferringLoadBalancerExchangeFilterFunction' of type [org.springframework.cloud.client.loadbalancer.reactive.DeferringLoadBalancerExchangeFilterFunction] is not eligible for getting processed by all BeanPostProcessors (for example: not eligible for auto-proxying)
2023-04-13T11:52:37.161+05:30  WARN 3456 --- [main] iguration$LoadBalancerCaffeineWarnLogger : Spring Cloud LoadBalancer is currently working with the default cache. While this cache implementation is useful for development and tests, it's recommended to use Caffeine cache in production.You can switch to using Caffeine cache, by adding it and org.springframework.cache.caffeine.CaffeineCacheManager to the classpath.
2023-04-13T11:52:37.185+05:30  INFO 3456 --- [main] o.s.b.a.e.web.EndpointLinksResolver      : Exposing 1 endpoint(s) beneath base path '/actuator'
2023-04-13T11:52:37.314+05:30  INFO 3456 --- [main] .p.G2NotificationServiceApplicationTests : Started G2NotificationServiceApplicationTests in 10.948 seconds (process running for 12.712)
2023-04-13T11:52:44.996+05:30  INFO 23172 --- [restartedMain] c.pms.G2NotificationServiceApplication   : Starting G2NotificationServiceApplication using Java 17.0.6 with PID 23172 (C:\updated services\g2-notification-service\target\classes started by Noorullah Ansari in C:\updated services\g2-notification-service)
2023-04-13T11:52:45.000+05:30  INFO 23172 --- [restartedMain] c.pms.G2NotificationServiceApplication   : No active profile set, falling back to 1 default profile: "default"
2023-04-13T11:52:45.077+05:30  INFO 23172 --- [restartedMain] .e.DevToolsPropertyDefaultsPostProcessor : For additional web related logging consider setting the 'logging.level.web' property to 'DEBUG'
2023-04-13T11:52:46.819+05:30  INFO 23172 --- [restartedMain] o.s.cloud.context.scope.GenericScope     : BeanFactory id=e2ce878c-ef3a-3096-8032-63954c885b8d
2023-04-13T11:52:46.896+05:30  INFO 23172 --- [restartedMain] trationDelegate$BeanPostProcessorChecker : Bean 'org.springframework.ws.config.annotation.DelegatingWsConfiguration' of type [org.springframework.ws.config.annotation.DelegatingWsConfiguration$$SpringCGLIB$$0] is not eligible for getting processed by all BeanPostProcessors (for example: not eligible for auto-proxying)
2023-04-13T11:52:46.942+05:30  INFO 23172 --- [restartedMain] .w.s.a.s.AnnotationActionEndpointMapping : Supporting [WS-Addressing August 2004, WS-Addressing 1.0]
2023-04-13T11:52:47.191+05:30  INFO 23172 --- [restartedMain] trationDelegate$BeanPostProcessorChecker : Bean 'org.springframework.cloud.client.loadbalancer.reactive.LoadBalancerBeanPostProcessorAutoConfiguration' of type [org.springframework.cloud.client.loadbalancer.reactive.LoadBalancerBeanPostProcessorAutoConfiguration] is not eligible for getting processed by all BeanPostProcessors (for example: not eligible for auto-proxying)
2023-04-13T11:52:47.196+05:30  INFO 23172 --- [restartedMain] trationDelegate$BeanPostProcessorChecker : Bean 'org.springframework.cloud.client.loadbalancer.reactive.LoadBalancerBeanPostProcessorAutoConfiguration$ReactorDeferringLoadBalancerFilterConfig' of type [org.springframework.cloud.client.loadbalancer.reactive.LoadBalancerBeanPostProcessorAutoConfiguration$ReactorDeferringLoadBalancerFilterConfig] is not eligible for getting processed by all BeanPostProcessors (for example: not eligible for auto-proxying)
2023-04-13T11:52:47.201+05:30  INFO 23172 --- [restartedMain] trationDelegate$BeanPostProcessorChecker : Bean 'reactorDeferringLoadBalancerExchangeFilterFunction' of type [org.springframework.cloud.client.loadbalancer.reactive.DeferringLoadBalancerExchangeFilterFunction] is not eligible for getting processed by all BeanPostProcessors (for example: not eligible for auto-proxying)
2023-04-13T11:52:47.558+05:30  INFO 23172 --- [restartedMain] o.s.b.w.embedded.tomcat.TomcatWebServer  : Tomcat initialized with port(s): 9008 (http)
2023-04-13T11:52:47.570+05:30  INFO 23172 --- [restartedMain] o.apache.catalina.core.StandardService   : Starting service [Tomcat]
2023-04-13T11:52:47.570+05:30  INFO 23172 --- [restartedMain] o.apache.catalina.core.StandardEngine    : Starting Servlet engine: [Apache Tomcat/10.1.7]
2023-04-13T11:52:47.700+05:30  INFO 23172 --- [restartedMain] o.a.c.c.C.[Tomcat].[localhost].[/]       : Initializing Spring embedded WebApplicationContext
2023-04-13T11:52:47.700+05:30  INFO 23172 --- [restartedMain] w.s.c.ServletWebServerApplicationContext : Root WebApplicationContext: initialization completed in 2622 ms
2023-04-13T11:52:52.119+05:30  WARN 23172 --- [restartedMain] o.s.b.d.a.OptionalLiveReloadServer       : Unable to start LiveReload server
2023-04-13T11:52:52.432+05:30  WARN 23172 --- [restartedMain] iguration$LoadBalancerCaffeineWarnLogger : Spring Cloud LoadBalancer is currently working with the default cache. While this cache implementation is useful for development and tests, it's recommended to use Caffeine cache in production.You can switch to using Caffeine cache, by adding it and org.springframework.cache.caffeine.CaffeineCacheManager to the classpath.
2023-04-13T11:52:52.449+05:30  INFO 23172 --- [restartedMain] o.s.b.a.e.web.EndpointLinksResolver      : Exposing 1 endpoint(s) beneath base path '/actuator'
2023-04-13T11:52:52.638+05:30  INFO 23172 --- [restartedMain] o.s.b.w.embedded.tomcat.TomcatWebServer  : Tomcat started on port(s): 9008 (http) with context path ''
2023-04-13T11:52:52.643+05:30  INFO 23172 --- [restartedMain] o.s.c.c.s.ConsulServiceRegistry          : Registering service with consul: NewService{id='g2-notification-service-9008', name='g2-notification-service', tags=[], address='host.docker.internal', meta={secure=false}, port=9008, enableTagOverride=null, check=Check{script='null', dockerContainerID='null', shell='null', interval='12s', ttl='null', http='http://host.docker.internal:9008/actuator/health', method='null', header={}, tcp='null', timeout='null', deregisterCriticalServiceAfter='null', tlsSkipVerify=null, status='null', grpc='null', grpcUseTLS=null}, checks=null}
2023-04-13T11:52:53.052+05:30  INFO 23172 --- [restartedMain] c.pms.G2NotificationServiceApplication   : Started G2NotificationServiceApplication in 8.721 seconds (process running for 9.63)
2023-04-13T11:52:54.071+05:30  INFO 23172 --- [RMI TCP Connection(3)-127.0.0.1] o.a.c.c.C.[Tomcat].[localhost].[/]       : Initializing Spring DispatcherServlet 'dispatcherServlet'
2023-04-13T11:52:54.072+05:30  INFO 23172 --- [RMI TCP Connection(3)-127.0.0.1] o.s.web.servlet.DispatcherServlet        : Initializing Servlet 'dispatcherServlet'
2023-04-13T11:52:54.077+05:30  INFO 23172 --- [RMI TCP Connection(3)-127.0.0.1] o.s.web.servlet.DispatcherServlet        : Completed initialization in 5 ms
2023-04-13T11:57:04.183+05:30  INFO 23172 --- [File Watcher] rtingClassPathChangeChangedEventListener : Restarting due to 1 class path change (0 additions, 0 deletions, 1 modification)
2023-04-13T11:57:04.198+05:30  INFO 23172 --- [Thread-1] o.apache.catalina.core.StandardService   : Stopping service [Tomcat]
2023-04-13T11:57:04.200+05:30  INFO 23172 --- [Thread-1] o.a.c.c.C.[Tomcat].[localhost].[/]       : Destroying Spring FrameworkServlet 'dispatcherServlet'
2023-04-13T11:57:04.205+05:30  WARN 23172 --- [Thread-1] o.a.c.loader.WebappClassLoaderBase       : The web application [ROOT] appears to have started a thread named [boundedElastic-evictor-1] but has failed to stop it. This is very likely to create a memory leak. Stack trace of thread:
 java.base@17.0.6/jdk.internal.misc.Unsafe.park(Native Method)
 java.base@17.0.6/java.util.concurrent.locks.LockSupport.parkNanos(LockSupport.java:252)
 java.base@17.0.6/java.util.concurrent.locks.AbstractQueuedSynchronizer$ConditionObject.awaitNanos(AbstractQueuedSynchronizer.java:1672)
 java.base@17.0.6/java.util.concurrent.ScheduledThreadPoolExecutor$DelayedWorkQueue.take(ScheduledThreadPoolExecutor.java:1182)
 java.base@17.0.6/java.util.concurrent.ScheduledThreadPoolExecutor$DelayedWorkQueue.take(ScheduledThreadPoolExecutor.java:899)
 java.base@17.0.6/java.util.concurrent.ThreadPoolExecutor.getTask(ThreadPoolExecutor.java:1062)
 java.base@17.0.6/java.util.concurrent.ThreadPoolExecutor.runWorker(ThreadPoolExecutor.java:1122)
 java.base@17.0.6/java.util.concurrent.ThreadPoolExecutor$Worker.run(ThreadPoolExecutor.java:635)
 java.base@17.0.6/java.lang.Thread.run(Thread.java:833)
2023-04-13T11:57:04.207+05:30  WARN 23172 --- [Thread-1] o.a.c.loader.WebappClassLoaderBase       : The web application [ROOT] appears to have started a thread named [boundedElastic-1] but has failed to stop it. This is very likely to create a memory leak. Stack trace of thread:
 java.base@17.0.6/jdk.internal.misc.Unsafe.park(Native Method)
 java.base@17.0.6/java.util.concurrent.locks.LockSupport.park(LockSupport.java:341)
 java.base@17.0.6/java.util.concurrent.locks.AbstractQueuedSynchronizer$ConditionNode.block(AbstractQueuedSynchronizer.java:506)
 java.base@17.0.6/java.util.concurrent.ForkJoinPool.unmanagedBlock(ForkJoinPool.java:3463)
 java.base@17.0.6/java.util.concurrent.ForkJoinPool.managedBlock(ForkJoinPool.java:3434)
 java.base@17.0.6/java.util.concurrent.locks.AbstractQueuedSynchronizer$ConditionObject.await(AbstractQueuedSynchronizer.java:1623)
 java.base@17.0.6/java.util.concurrent.ScheduledThreadPoolExecutor$DelayedWorkQueue.take(ScheduledThreadPoolExecutor.java:1170)
 java.base@17.0.6/java.util.concurrent.ScheduledThreadPoolExecutor$DelayedWorkQueue.take(ScheduledThreadPoolExecutor.java:899)
 java.base@17.0.6/java.util.concurrent.ThreadPoolExecutor.getTask(ThreadPoolExecutor.java:1062)
 java.base@17.0.6/java.util.concurrent.ThreadPoolExecutor.runWorker(ThreadPoolExecutor.java:1122)
 java.base@17.0.6/java.util.concurrent.ThreadPoolExecutor$Worker.run(ThreadPoolExecutor.java:635)
 java.base@17.0.6/java.lang.Thread.run(Thread.java:833)
2023-04-13T11:57:04.212+05:30  INFO 23172 --- [Thread-1] o.s.c.c.s.ConsulServiceRegistry          : Deregistering service with consul: g2-notification-service-9008
2023-04-13T11:57:04.528+05:30  INFO 23172 --- [restartedMain] c.pms.G2NotificationServiceApplication   : Starting G2NotificationServiceApplication using Java 17.0.6 with PID 23172 (C:\updated services\g2-notification-service\target\classes started by Noorullah Ansari in C:\updated services\g2-notification-service)
2023-04-13T11:57:04.529+05:30  INFO 23172 --- [restartedMain] c.pms.G2NotificationServiceApplication   : No active profile set, falling back to 1 default profile: "default"
2023-04-13T11:57:05.048+05:30  INFO 23172 --- [restartedMain] o.s.cloud.context.scope.GenericScope     : BeanFactory id=e2ce878c-ef3a-3096-8032-63954c885b8d
2023-04-13T11:57:05.063+05:30  INFO 23172 --- [restartedMain] trationDelegate$BeanPostProcessorChecker : Bean 'org.springframework.ws.config.annotation.DelegatingWsConfiguration' of type [org.springframework.ws.config.annotation.DelegatingWsConfiguration$$SpringCGLIB$$0] is not eligible for getting processed by all BeanPostProcessors (for example: not eligible for auto-proxying)
2023-04-13T11:57:05.066+05:30  INFO 23172 --- [restartedMain] .w.s.a.s.AnnotationActionEndpointMapping : Supporting [WS-Addressing August 2004, WS-Addressing 1.0]
2023-04-13T11:57:05.130+05:30  INFO 23172 --- [restartedMain] trationDelegate$BeanPostProcessorChecker : Bean 'org.springframework.cloud.client.loadbalancer.reactive.LoadBalancerBeanPostProcessorAutoConfiguration' of type [org.springframework.cloud.client.loadbalancer.reactive.LoadBalancerBeanPostProcessorAutoConfiguration] is not eligible for getting processed by all BeanPostProcessors (for example: not eligible for auto-proxying)
2023-04-13T11:57:05.134+05:30  INFO 23172 --- [restartedMain] trationDelegate$BeanPostProcessorChecker : Bean 'org.springframework.cloud.client.loadbalancer.reactive.LoadBalancerBeanPostProcessorAutoConfiguration$ReactorDeferringLoadBalancerFilterConfig' of type [org.springframework.cloud.client.loadbalancer.reactive.LoadBalancerBeanPostProcessorAutoConfiguration$ReactorDeferringLoadBalancerFilterConfig] is not eligible for getting processed by all BeanPostProcessors (for example: not eligible for auto-proxying)
2023-04-13T11:57:05.136+05:30  INFO 23172 --- [restartedMain] trationDelegate$BeanPostProcessorChecker : Bean 'reactorDeferringLoadBalancerExchangeFilterFunction' of type [org.springframework.cloud.client.loadbalancer.reactive.DeferringLoadBalancerExchangeFilterFunction] is not eligible for getting processed by all BeanPostProcessors (for example: not eligible for auto-proxying)
2023-04-13T11:57:05.293+05:30  INFO 23172 --- [restartedMain] o.s.b.w.embedded.tomcat.TomcatWebServer  : Tomcat initialized with port(s): 9008 (http)
2023-04-13T11:57:05.294+05:30  INFO 23172 --- [restartedMain] o.apache.catalina.core.StandardService   : Starting service [Tomcat]
2023-04-13T11:57:05.294+05:30  INFO 23172 --- [restartedMain] o.apache.catalina.core.StandardEngine    : Starting Servlet engine: [Apache Tomcat/10.1.7]
2023-04-13T11:57:05.326+05:30  INFO 23172 --- [restartedMain] o.a.c.c.C.[Tomcat].[localhost].[/]       : Initializing Spring embedded WebApplicationContext
2023-04-13T11:57:05.326+05:30  INFO 23172 --- [restartedMain] w.s.c.ServletWebServerApplicationContext : Root WebApplicationContext: initialization completed in 794 ms
2023-04-13T11:57:07.748+05:30  WARN 23172 --- [restartedMain] o.s.b.d.a.OptionalLiveReloadServer       : Unable to start LiveReload server
2023-04-13T11:57:07.995+05:30  WARN 23172 --- [restartedMain] iguration$LoadBalancerCaffeineWarnLogger : Spring Cloud LoadBalancer is currently working with the default cache. While this cache implementation is useful for development and tests, it's recommended to use Caffeine cache in production.You can switch to using Caffeine cache, by adding it and org.springframework.cache.caffeine.CaffeineCacheManager to the classpath.
2023-04-13T11:57:08.006+05:30  INFO 23172 --- [restartedMain] o.s.b.a.e.web.EndpointLinksResolver      : Exposing 1 endpoint(s) beneath base path '/actuator'
2023-04-13T11:57:08.084+05:30  INFO 23172 --- [restartedMain] o.s.b.w.embedded.tomcat.TomcatWebServer  : Tomcat started on port(s): 9008 (http) with context path ''
2023-04-13T11:57:08.085+05:30  INFO 23172 --- [restartedMain] o.s.c.c.s.ConsulServiceRegistry          : Registering service with consul: NewService{id='g2-notification-service-9008', name='g2-notification-service', tags=[], address='host.docker.internal', meta={secure=false}, port=9008, enableTagOverride=null, check=Check{script='null', dockerContainerID='null', shell='null', interval='12s', ttl='null', http='http://host.docker.internal:9008/actuator/health', method='null', header={}, tcp='null', timeout='null', deregisterCriticalServiceAfter='null', tlsSkipVerify=null, status='null', grpc='null', grpcUseTLS=null}, checks=null}
2023-04-13T11:57:08.440+05:30  INFO 23172 --- [restartedMain] c.pms.G2NotificationServiceApplication   : Started G2NotificationServiceApplication in 4.103 seconds (process running for 265.017)
2023-04-13T11:57:08.444+05:30  INFO 23172 --- [restartedMain] .ConditionEvaluationDeltaLoggingListener : Condition evaluation unchanged
2023-04-13T11:57:11.779+05:30  INFO 23172 --- [http-nio-9008-exec-1] o.a.c.c.C.[Tomcat].[localhost].[/]       : Initializing Spring DispatcherServlet 'dispatcherServlet'
2023-04-13T11:57:11.780+05:30  INFO 23172 --- [http-nio-9008-exec-1] o.s.web.servlet.DispatcherServlet        : Initializing Servlet 'dispatcherServlet'
2023-04-13T11:57:11.782+05:30  INFO 23172 --- [http-nio-9008-exec-1] o.s.web.servlet.DispatcherServlet        : Completed initialization in 2 ms
2023-04-13T11:57:29.329+05:30  INFO 23172 --- [File Watcher] rtingClassPathChangeChangedEventListener : Restarting due to 1 class path change (0 additions, 0 deletions, 1 modification)
2023-04-13T11:57:29.343+05:30  INFO 23172 --- [Thread-7] o.apache.catalina.core.StandardService   : Stopping service [Tomcat]
2023-04-13T11:57:29.343+05:30  INFO 23172 --- [Thread-7] o.a.c.c.C.[Tomcat].[localhost].[/]       : Destroying Spring FrameworkServlet 'dispatcherServlet'
2023-04-13T11:57:29.346+05:30  INFO 23172 --- [Thread-7] o.s.c.c.s.ConsulServiceRegistry          : Deregistering service with consul: g2-notification-service-9008
2023-04-13T11:57:29.588+05:30  INFO 23172 --- [restartedMain] c.pms.G2NotificationServiceApplication   : Starting G2NotificationServiceApplication using Java 17.0.6 with PID 23172 (C:\updated services\g2-notification-service\target\classes started by Noorullah Ansari in C:\updated services\g2-notification-service)
2023-04-13T11:57:29.588+05:30  INFO 23172 --- [restartedMain] c.pms.G2NotificationServiceApplication   : No active profile set, falling back to 1 default profile: "default"
2023-04-13T11:57:30.013+05:30  INFO 23172 --- [restartedMain] o.s.cloud.context.scope.GenericScope     : BeanFactory id=e2ce878c-ef3a-3096-8032-63954c885b8d
2023-04-13T11:57:30.024+05:30  INFO 23172 --- [restartedMain] trationDelegate$BeanPostProcessorChecker : Bean 'org.springframework.ws.config.annotation.DelegatingWsConfiguration' of type [org.springframework.ws.config.annotation.DelegatingWsConfiguration$$SpringCGLIB$$0] is not eligible for getting processed by all BeanPostProcessors (for example: not eligible for auto-proxying)
2023-04-13T11:57:30.025+05:30  INFO 23172 --- [restartedMain] .w.s.a.s.AnnotationActionEndpointMapping : Supporting [WS-Addressing August 2004, WS-Addressing 1.0]
2023-04-13T11:57:30.066+05:30  INFO 23172 --- [restartedMain] trationDelegate$BeanPostProcessorChecker : Bean 'org.springframework.cloud.client.loadbalancer.reactive.LoadBalancerBeanPostProcessorAutoConfiguration' of type [org.springframework.cloud.client.loadbalancer.reactive.LoadBalancerBeanPostProcessorAutoConfiguration] is not eligible for getting processed by all BeanPostProcessors (for example: not eligible for auto-proxying)
2023-04-13T11:57:30.069+05:30  INFO 23172 --- [restartedMain] trationDelegate$BeanPostProcessorChecker : Bean 'org.springframework.cloud.client.loadbalancer.reactive.LoadBalancerBeanPostProcessorAutoConfiguration$ReactorDeferringLoadBalancerFilterConfig' of type [org.springframework.cloud.client.loadbalancer.reactive.LoadBalancerBeanPostProcessorAutoConfiguration$ReactorDeferringLoadBalancerFilterConfig] is not eligible for getting processed by all BeanPostProcessors (for example: not eligible for auto-proxying)
2023-04-13T11:57:30.071+05:30  INFO 23172 --- [restartedMain] trationDelegate$BeanPostProcessorChecker : Bean 'reactorDeferringLoadBalancerExchangeFilterFunction' of type [org.springframework.cloud.client.loadbalancer.reactive.DeferringLoadBalancerExchangeFilterFunction] is not eligible for getting processed by all BeanPostProcessors (for example: not eligible for auto-proxying)
2023-04-13T11:57:30.192+05:30  INFO 23172 --- [restartedMain] o.s.b.w.embedded.tomcat.TomcatWebServer  : Tomcat initialized with port(s): 9008 (http)
2023-04-13T11:57:30.192+05:30  INFO 23172 --- [restartedMain] o.apache.catalina.core.StandardService   : Starting service [Tomcat]
2023-04-13T11:57:30.192+05:30  INFO 23172 --- [restartedMain] o.apache.catalina.core.StandardEngine    : Starting Servlet engine: [Apache Tomcat/10.1.7]
2023-04-13T11:57:30.223+05:30  INFO 23172 --- [restartedMain] o.a.c.c.C.[Tomcat].[localhost].[/]       : Initializing Spring embedded WebApplicationContext
2023-04-13T11:57:30.223+05:30  INFO 23172 --- [restartedMain] w.s.c.ServletWebServerApplicationContext : Root WebApplicationContext: initialization completed in 632 ms
2023-04-13T11:57:32.340+05:30  WARN 23172 --- [restartedMain] o.s.b.d.a.OptionalLiveReloadServer       : Unable to start LiveReload server
2023-04-13T11:57:32.584+05:30  WARN 23172 --- [restartedMain] iguration$LoadBalancerCaffeineWarnLogger : Spring Cloud LoadBalancer is currently working with the default cache. While this cache implementation is useful for development and tests, it's recommended to use Caffeine cache in production.You can switch to using Caffeine cache, by adding it and org.springframework.cache.caffeine.CaffeineCacheManager to the classpath.
2023-04-13T11:57:32.595+05:30  INFO 23172 --- [restartedMain] o.s.b.a.e.web.EndpointLinksResolver      : Exposing 1 endpoint(s) beneath base path '/actuator'
2023-04-13T11:57:32.639+05:30  INFO 23172 --- [restartedMain] o.s.b.w.embedded.tomcat.TomcatWebServer  : Tomcat started on port(s): 9008 (http) with context path ''
2023-04-13T11:57:32.640+05:30  INFO 23172 --- [restartedMain] o.s.c.c.s.ConsulServiceRegistry          : Registering service with consul: NewService{id='g2-notification-service-9008', name='g2-notification-service', tags=[], address='host.docker.internal', meta={secure=false}, port=9008, enableTagOverride=null, check=Check{script='null', dockerContainerID='null', shell='null', interval='12s', ttl='null', http='http://host.docker.internal:9008/actuator/health', method='null', header={}, tcp='null', timeout='null', deregisterCriticalServiceAfter='null', tlsSkipVerify=null, status='null', grpc='null', grpcUseTLS=null}, checks=null}
2023-04-13T11:57:32.904+05:30  INFO 23172 --- [restartedMain] c.pms.G2NotificationServiceApplication   : Started G2NotificationServiceApplication in 3.463 seconds (process running for 289.48)
2023-04-13T11:57:32.908+05:30  INFO 23172 --- [restartedMain] .ConditionEvaluationDeltaLoggingListener : Condition evaluation unchanged
2023-04-13T11:57:33.739+05:30  INFO 23172 --- [http-nio-9008-exec-1] o.a.c.c.C.[Tomcat].[localhost].[/]       : Initializing Spring DispatcherServlet 'dispatcherServlet'
2023-04-13T11:57:33.739+05:30  INFO 23172 --- [http-nio-9008-exec-1] o.s.web.servlet.DispatcherServlet        : Initializing Servlet 'dispatcherServlet'
2023-04-13T11:57:33.741+05:30  INFO 23172 --- [http-nio-9008-exec-1] o.s.web.servlet.DispatcherServlet        : Completed initialization in 1 ms
2023-04-13T12:36:30.730+05:30  INFO 23172 --- [RMI TCP Connection(51)-127.0.0.1] inMXBeanRegistrar$SpringApplicationAdmin : Application shutdown requested.
2023-04-13T12:36:30.866+05:30  INFO 23172 --- [RMI TCP Connection(51)-127.0.0.1] o.apache.catalina.core.StandardService   : Stopping service [Tomcat]
2023-04-13T12:36:30.869+05:30  INFO 23172 --- [RMI TCP Connection(51)-127.0.0.1] o.a.c.c.C.[Tomcat].[localhost].[/]       : Destroying Spring FrameworkServlet 'dispatcherServlet'
2023-04-13T12:36:30.915+05:30  INFO 23172 --- [RMI TCP Connection(51)-127.0.0.1] o.s.c.c.s.ConsulServiceRegistry          : Deregistering service with consul: g2-notification-service-9008
